SF:lib/data/models/roles_model.dart
DA:10,6
DA:12,2
DA:13,2
DA:15,0
DA:17,2
DA:18,5
DA:30,4
DA:35,2
DA:36,2
DA:38,0
DA:40,2
DA:41,1
DA:42,1
LF:13
LH:11
end_of_record
SF:lib/data/models/roles_model.g.dart
DA:9,4
DA:10,2
DA:11,6
DA:12,2
DA:15,0
DA:16,0
DA:17,0
DA:20,4
DA:21,2
DA:22,2
DA:25,0
DA:26,0
DA:27,0
LF:13
LH:7
end_of_record
SF:lib/domain/entities/roles_entity.dart
DA:8,6
DA:14,2
DA:15,2
DA:16,2
DA:17,2
DA:18,2
DA:26,6
DA:31,2
DA:32,2
DA:33,2
DA:34,2
LF:11
LH:11
end_of_record
SF:lib/core/errors/failure.dart
DA:6,5
DA:8,0
DA:9,0
DA:13,5
DA:17,0
DA:21,5
LF:6
LH:3
end_of_record
SF:lib/data/datasources/roles_data_source.dart
DA:14,1
DA:16,1
DA:18,2
DA:20,2
DA:21,3
DA:23,1
LF:6
LH:6
end_of_record
SF:lib/data/repositories/role_repository_impl.dart
DA:12,1
DA:14,1
DA:17,2
DA:18,2
DA:19,1
DA:21,1
LF:6
LH:6
end_of_record
SF:lib/main.dart
DA:3,0
DA:4,0
DA:8,2
DA:11,1
DA:13,1
DA:15,1
DA:31,1
DA:40,1
DA:53,1
DA:54,1
DA:60,1
DA:61,2
DA:67,2
DA:71,1
DA:79,1
DA:80,1
DA:84,3
DA:87,3
DA:89,1
DA:92,1
DA:107,1
DA:111,1
DA:112,2
DA:113,3
DA:118,1
DA:119,1
LF:26
LH:24
end_of_record
SF:lib/domain/usecases/get_roles_usecase.dart
DA:9,1
DA:11,1
DA:12,2
LF:3
LH:3
end_of_record
